[debug] [2021-05-17T05:13:11.337Z] ----------------------------------------------------------------------
[debug] [2021-05-17T05:13:11.341Z] Command:       C:\Program Files\nodejs\node.exe C:\Program Files\nodejs\node_modules\firebase-tools\lib\bin\firebase.js emulators:start --only functions
[debug] [2021-05-17T05:13:11.342Z] CLI Version:   9.10.2
[debug] [2021-05-17T05:13:11.342Z] Platform:      win32
[debug] [2021-05-17T05:13:11.342Z] Node Version:  v16.0.0
[debug] [2021-05-17T05:13:11.343Z] Time:          Mon May 17 2021 01:13:11 GMT-0400 (Venezuela Time)
[debug] [2021-05-17T05:13:11.343Z] ----------------------------------------------------------------------
[debug] 
[debug] [2021-05-17T05:13:11.355Z] > command requires scopes: ["email","openid","https://www.googleapis.com/auth/cloudplatformprojects.readonly","https://www.googleapis.com/auth/firebase","https://www.googleapis.com/auth/cloud-platform"]
[debug] [2021-05-17T05:13:11.356Z] > authorizing via signed-in user (branyervergarac@gmail.com)
[info] i  emulators: Starting emulators: functions {"metadata":{"emulator":{"name":"hub"},"message":"Starting emulators: functions"}}
[debug] [2021-05-17T05:13:11.386Z] [hub] writing locator at C:\Users\Branyer\AppData\Local\Temp\hub-democraseeclub.json
[warn] !  functions: The following emulators are not running, calls to these services from the Functions emulator will affect production: auth, firestore, database, hosting, pubsub {"metadata":{"emulator":{"name":"functions"},"message":"The following emulators are not running, calls to these services from the Functions emulator will affect production: \u001b[1mauth, firestore, database, hosting, pubsub\u001b[22m"}}
[warn] !  Your requested "node" version "12" doesn't match your global version "16" {"metadata":{"emulator":{"name":"functions"},"message":"Your requested \"node\" version \"12\" doesn't match your global version \"16\""}}
[debug] [2021-05-17T05:13:11.524Z] defaultcredentials: writing to file C:\Users\Branyer\AppData\Roaming\firebase\branyervergarac_gmail_com_application_default_credentials.json
[debug] [2021-05-17T05:13:11.529Z] Setting GAC to C:\Users\Branyer\AppData\Roaming\firebase\branyervergarac_gmail_com_application_default_credentials.json {"metadata":{"emulator":{"name":"functions"},"message":"Setting GAC to C:\\Users\\Branyer\\AppData\\Roaming\\firebase\\branyervergarac_gmail_com_application_default_credentials.json"}}
[debug] [2021-05-17T05:13:11.533Z] > refreshing access token with scopes: []
[debug] [2021-05-17T05:13:11.533Z] >>> HTTP REQUEST POST https://www.googleapis.com/oauth2/v3/token  
 <request body omitted>
[debug] [2021-05-17T05:13:12.020Z] <<< HTTP RESPONSE 200 {"expires":"Mon, 01 Jan 1990 00:00:00 GMT","pragma":"no-cache","cache-control":"no-cache, no-store, max-age=0, must-revalidate","date":"Mon, 17 May 2021 05:12:29 GMT","content-type":"application/json; charset=utf-8","vary":"X-Origin, Referer, Origin,Accept-Encoding","server":"scaffolding on HTTPServer2","x-xss-protection":"0","x-frame-options":"SAMEORIGIN","x-content-type-options":"nosniff","alt-svc":"h3-29=\":443\"; ma=2592000,h3-T051=\":443\"; ma=2592000,h3-Q050=\":443\"; ma=2592000,h3-Q046=\":443\"; ma=2592000,h3-Q043=\":443\"; ma=2592000,quic=\":443\"; ma=2592000; v=\"46,43\"","accept-ranges":"none","transfer-encoding":"chunked"}
[debug] [2021-05-17T05:13:12.061Z] >>> [apiv2][query] GET https://firebase.googleapis.com/v1beta1/projects/democraseeclub/adminSdkConfig [none]
[debug] [2021-05-17T05:13:12.743Z] <<< [apiv2][status] GET https://firebase.googleapis.com/v1beta1/projects/democraseeclub/adminSdkConfig 200
[debug] [2021-05-17T05:13:12.744Z] <<< [apiv2][body] GET https://firebase.googleapis.com/v1beta1/projects/democraseeclub/adminSdkConfig {"projectId":"democraseeclub","databaseURL":"https://democraseeclub.firebaseio.com","storageBucket":"democraseeclub.appspot.com","locationId":"us-central"}
[debug] [2021-05-17T05:13:12.774Z] Ignoring unsupported arg: auto_download {"metadata":{"emulator":{"name":"ui"},"message":"Ignoring unsupported arg: auto_download"}}
[debug] [2021-05-17T05:13:12.774Z] Ignoring unsupported arg: port {"metadata":{"emulator":{"name":"ui"},"message":"Ignoring unsupported arg: port"}}
[debug] [2021-05-17T05:13:12.774Z] Starting Emulator UI with command {"binary":"node","args":["C:\\Users\\Branyer\\.cache\\firebase\\emulators\\ui-v1.4.2\\server.bundle.js"],"optionalArgs":[],"joinArgs":false} {"metadata":{"emulator":{"name":"ui"},"message":"Starting Emulator UI with command {\"binary\":\"node\",\"args\":[\"C:\\\\Users\\\\Branyer\\\\.cache\\\\firebase\\\\emulators\\\\ui-v1.4.2\\\\server.bundle.js\"],\"optionalArgs\":[],\"joinArgs\":false}"}}
[info] i  ui: Emulator UI logging to ui-debug.log {"metadata":{"emulator":{"name":"ui"},"message":"Emulator UI logging to \u001b[1mui-debug.log\u001b[22m"}}
[debug] [2021-05-17T05:13:12.909Z] Web / API server started at http://localhost:4000
 {"metadata":{"emulator":{"name":"ui"},"message":"Web / API server started at http://localhost:4000\n"}}
[info] i  functions: Watching "C:\Users\Branyer\Documents\GitHub\website\functions" for Cloud Functions... {"metadata":{"emulator":{"name":"functions"},"message":"Watching \"C:\\Users\\Branyer\\Documents\\GitHub\\website\\functions\" for Cloud Functions..."}}
[debug] [2021-05-17T05:13:13.068Z] [worker-pool] addWorker(~diagnostic~) {"metadata":{"emulator":{"name":"functions"},"message":"[worker-pool] addWorker(~diagnostic~)"}}
[debug] [2021-05-17T05:13:13.068Z] [worker-pool] Adding worker with key ~diagnostic~, total=1 {"metadata":{"emulator":{"name":"functions"},"message":"[worker-pool] Adding worker with key ~diagnostic~, total=1"}}
[debug] [2021-05-17T05:13:13.068Z] [worker-pool] submitWork(triggerId=) {"metadata":{"emulator":{"name":"functions"},"message":"[worker-pool] submitWork(triggerId=)"}}
[debug] [2021-05-17T05:13:13.069Z] [worker-~diagnostic~-258b9567-af3c-4073-b319-0f201b55f564]: Assigning socketPath: \\?\pipe\C:\Users\Branyer\Documents\GitHub\website\functions\15112 {"metadata":{"emulator":{"name":"functions"},"message":"[worker-~diagnostic~-258b9567-af3c-4073-b319-0f201b55f564]: Assigning socketPath: \\\\?\\pipe\\C:\\Users\\Branyer\\Documents\\GitHub\\website\\functions\\15112"}}
[debug] [2021-05-17T05:13:13.069Z] [worker-~diagnostic~-258b9567-af3c-4073-b319-0f201b55f564]: BUSY {"metadata":{"emulator":{"name":"functions"},"message":"[worker-~diagnostic~-258b9567-af3c-4073-b319-0f201b55f564]: BUSY"}}
